2014/02/19 19:41:35 [error] [exception.CHttpException.404] exception 'CHttpException' with message 'Unable to resolve the request "sgii".' in C:\Program Files (x86)\EasyPHP-DevServer-13.1VC9\data\localweb\Yii\framework\web\CWebApplication.php:286
Stack trace:
#0 C:\Program Files (x86)\EasyPHP-DevServer-13.1VC9\data\localweb\Yii\framework\web\CWebApplication.php(141): CWebApplication->runController('sgii')
#1 C:\Program Files (x86)\EasyPHP-DevServer-13.1VC9\data\localweb\Yii\framework\base\CApplication.php(180): CWebApplication->processRequest()
#2 C:\Program Files (x86)\EasyPHP-DevServer-13.1VC9\data\localweb\Origin\admin\index.php(13): CApplication->run()
#3 {main}
REQUEST_URI=/Origin/admin/index.php?r=sgii
---
2014/02/19 19:44:50 [error] [exception.CDbException] exception 'CDbException' with message 'CDbConnection failed to open the DB connection: SQLSTATE[42000]: Syntax error or access violation: 1115 Unknown character set: 'utf8_romanian_ci'' in C:\Program Files (x86)\EasyPHP-DevServer-13.1VC9\data\localweb\Yii\framework\db\CDbConnection.php:382
Stack trace:
#0 C:\Program Files (x86)\EasyPHP-DevServer-13.1VC9\data\localweb\Yii\framework\db\CDbConnection.php(330): CDbConnection->open()
#1 C:\Program Files (x86)\EasyPHP-DevServer-13.1VC9\data\localweb\Yii\framework\db\CDbConnection.php(308): CDbConnection->setActive(true)
#2 C:\Program Files (x86)\EasyPHP-DevServer-13.1VC9\data\localweb\Yii\framework\base\CModule.php(387): CDbConnection->init()
#3 C:\Program Files (x86)\EasyPHP-DevServer-13.1VC9\data\localweb\Yii\framework\base\CModule.php(103): CModule->getComponent('db')
#4 C:\Program Files (x86)\EasyPHP-DevServer-13.1VC9\data\localweb\Yii\framework\gii\generators\model\ModelCode.php(60): CModule->__get('db')
#5 C:\Program Files (x86)\EasyPHP-DevServer-13.1VC9\data\localweb\Yii\framework\web\CFormModel.php(39): ModelCode->init()
#6 C:\Program Files (x86)\EasyPHP-DevServer-13.1VC9\data\localweb\Yii\framework\gii\CCodeGenerator.php(153): CFormModel->__construct()
#7 C:\Program Files (x86)\EasyPHP-DevServer-13.1VC9\data\localweb\Yii\framework\gii\CCodeGenerator.php(63): CCodeGenerator->prepare()
#8 C:\Program Files (x86)\EasyPHP-DevServer-13.1VC9\data\localweb\Yii\framework\web\actions\CInlineAction.php(49): CCodeGenerator->actionIndex()
#9 C:\Program Files (x86)\EasyPHP-DevServer-13.1VC9\data\localweb\Yii\framework\web\CController.php(308): CInlineAction->runWithParams(Array)
#10 C:\Program Files (x86)\EasyPHP-DevServer-13.1VC9\data\localweb\Yii\framework\web\CController.php(286): CController->runAction(Object(CInlineAction))
#11 C:\Program Files (x86)\EasyPHP-DevServer-13.1VC9\data\localweb\Yii\framework\web\CController.php(265): CController->runActionWithFilters(Object(CInlineAction), Array)
#12 C:\Program Files (x86)\EasyPHP-DevServer-13.1VC9\data\localweb\Yii\framework\web\CWebApplication.php(282): CController->run('index')
#13 C:\Program Files (x86)\EasyPHP-DevServer-13.1VC9\data\localweb\Yii\framework\web\CWebApplication.php(141): CWebApplication->runController('gii/model/index')
#14 C:\Program Files (x86)\EasyPHP-DevServer-13.1VC9\data\localweb\Yii\framework\base\CApplication.php(180): CWebApplication->processRequest()
#15 C:\Program Files (x86)\EasyPHP-DevServer-13.1VC9\data\localweb\Origin\admin\index.php(13): CApplication->run()
#16 {main}
REQUEST_URI=/Origin/admin/index.php?r=gii/model/index
HTTP_REFERER=http://127.0.0.1:8080/Origin/admin/index.php?r=gii
---
2014/02/19 20:06:58 [error] [exception.CHttpException.403] exception 'CHttpException' with message 'You are not authorized to perform this action.' in C:\Program Files (x86)\EasyPHP-DevServer-13.1VC9\data\localweb\Yii\framework\web\auth\CAccessControlFilter.php:182
Stack trace:
#0 C:\Program Files (x86)\EasyPHP-DevServer-13.1VC9\data\localweb\Yii\framework\web\auth\CAccessControlFilter.php(145): CAccessControlFilter->accessDenied(Object(CWebUser), 'You are not aut...')
#1 C:\Program Files (x86)\EasyPHP-DevServer-13.1VC9\data\localweb\Yii\framework\web\filters\CFilter.php(38): CAccessControlFilter->preFilter(Object(CFilterChain))
#2 C:\Program Files (x86)\EasyPHP-DevServer-13.1VC9\data\localweb\Yii\framework\web\CController.php(1145): CFilter->filter(Object(CFilterChain))
#3 C:\Program Files (x86)\EasyPHP-DevServer-13.1VC9\data\localweb\Yii\framework\web\filters\CInlineFilter.php(58): CController->filterAccessControl(Object(CFilterChain))
#4 C:\Program Files (x86)\EasyPHP-DevServer-13.1VC9\data\localweb\Yii\framework\web\filters\CFilterChain.php(130): CInlineFilter->filter(Object(CFilterChain))
#5 C:\Program Files (x86)\EasyPHP-DevServer-13.1VC9\data\localweb\Yii\framework\web\CController.php(291): CFilterChain->run()
#6 C:\Program Files (x86)\EasyPHP-DevServer-13.1VC9\data\localweb\Yii\framework\web\CController.php(265): CController->runActionWithFilters(Object(CInlineAction), Array)
#7 C:\Program Files (x86)\EasyPHP-DevServer-13.1VC9\data\localweb\Yii\framework\web\CWebApplication.php(282): CController->run('admin')
#8 C:\Program Files (x86)\EasyPHP-DevServer-13.1VC9\data\localweb\Yii\framework\web\CWebApplication.php(141): CWebApplication->runController('Poze/admin')
#9 C:\Program Files (x86)\EasyPHP-DevServer-13.1VC9\data\localweb\Yii\framework\base\CApplication.php(180): CWebApplication->processRequest()
#10 C:\Program Files (x86)\EasyPHP-DevServer-13.1VC9\data\localweb\Origin\admin\index.php(13): CApplication->run()
#11 {main}
REQUEST_URI=/Origin/admin/index.php?r=Poze/admin
HTTP_REFERER=http://127.0.0.1:8080/Origin/admin/index.php
---
2014/02/19 20:22:28 [error] [php] include(CGridView.php): failed to open stream: No such file or directory (C:\Program Files (x86)\EasyPHP-DevServer-13.1VC9\data\localweb\Yii\framework\YiiBase.php:427)
Stack trace:
#0 C:\Program Files (x86)\EasyPHP-DevServer-13.1VC9\data\localweb\Origin\admin\protected\extensions\bootstrap\widgets\TbGridView.php(17): spl_autoload_call()
#1 C:\Program Files (x86)\EasyPHP-DevServer-13.1VC9\data\localweb\Yii\framework\YiiBase.php(320): require()
#2 C:\Program Files (x86)\EasyPHP-DevServer-13.1VC9\data\localweb\Yii\framework\web\CWidgetFactory.php(146): import()
#3 C:\Program Files (x86)\EasyPHP-DevServer-13.1VC9\data\localweb\Yii\framework\web\CBaseController.php(146): CWidgetFactory->createWidget()
#4 C:\Program Files (x86)\EasyPHP-DevServer-13.1VC9\data\localweb\Yii\framework\web\CBaseController.php(172): ProiectController->createWidget()
#5 C:\Program Files (x86)\EasyPHP-DevServer-13.1VC9\data\localweb\Origin\admin\protected\views\proiect\admin.php(64): ProiectController->widget()
#6 C:\Program Files (x86)\EasyPHP-DevServer-13.1VC9\data\localweb\Yii\framework\web\CBaseController.php(126): require()
#7 C:\Program Files (x86)\EasyPHP-DevServer-13.1VC9\data\localweb\Yii\framework\web\CBaseController.php(95): ProiectController->renderInternal()
#8 C:\Program Files (x86)\EasyPHP-DevServer-13.1VC9\data\localweb\Yii\framework\web\CController.php(869): ProiectController->renderFile()
#9 C:\Program Files (x86)\EasyPHP-DevServer-13.1VC9\data\localweb\Yii\framework\web\CController.php(782): ProiectController->renderPartial()
#10 C:\Program Files (x86)\EasyPHP-DevServer-13.1VC9\data\localweb\Origin\admin\protected\controllers\ProiectController.php(143): ProiectController->render()
#11 C:\Program Files (x86)\EasyPHP-DevServer-13.1VC9\data\localweb\Yii\framework\web\actions\CInlineAction.php(49): ProiectController->actionAdmin()
#12 C:\Program Files (x86)\EasyPHP-DevServer-13.1VC9\data\localweb\Yii\framework\web\CController.php(308): CInlineAction->runWithParams()
#13 C:\Program Files (x86)\EasyPHP-DevServer-13.1VC9\data\localweb\Yii\framework\web\filters\CFilterChain.php(133): ProiectController->runAction()
#14 C:\Program Files (x86)\EasyPHP-DevServer-13.1VC9\data\localweb\Yii\framework\web\filters\CFilter.php(40): CFilterChain->run()
#15 C:\Program Files (x86)\EasyPHP-DevServer-13.1VC9\data\localweb\Yii\framework\web\CController.php(1145): CAccessControlFilter->filter()
#16 C:\Program Files (x86)\EasyPHP-DevServer-13.1VC9\data\localweb\Yii\framework\web\filters\CInlineFilter.php(58): ProiectController->filterAccessControl()
#17 C:\Program Files (x86)\EasyPHP-DevServer-13.1VC9\data\localweb\Yii\framework\web\filters\CFilterChain.php(130): CInlineFilter->filter()
#18 C:\Program Files (x86)\EasyPHP-DevServer-13.1VC9\data\localweb\Yii\framework\web\CController.php(291): CFilterChain->run()
#19 C:\Program Files (x86)\EasyPHP-DevServer-13.1VC9\data\localweb\Yii\framework\web\CController.php(265): ProiectController->runActionWithFilters()
#20 C:\Program Files (x86)\EasyPHP-DevServer-13.1VC9\data\localweb\Yii\framework\web\CWebApplication.php(282): ProiectController->run()
#21 C:\Program Files (x86)\EasyPHP-DevServer-13.1VC9\data\localweb\Yii\framework\web\CWebApplication.php(141): CWebApplication->runController()
#22 C:\Program Files (x86)\EasyPHP-DevServer-13.1VC9\data\localweb\Yii\framework\base\CApplication.php(180): CWebApplication->processRequest()
#23 C:\Program Files (x86)\EasyPHP-DevServer-13.1VC9\data\localweb\Origin\admin\index.php(13): CWebApplication->run()
REQUEST_URI=/Origin/admin/index.php?r=Proiect/admin
in C:\Program Files (x86)\EasyPHP-DevServer-13.1VC9\data\localweb\Origin\admin\protected\extensions\bootstrap\widgets\TbGridView.php (17)
in C:\Program Files (x86)\EasyPHP-DevServer-13.1VC9\data\localweb\Origin\admin\protected\views\proiect\admin.php (64)
in C:\Program Files (x86)\EasyPHP-DevServer-13.1VC9\data\localweb\Origin\admin\protected\controllers\ProiectController.php (143)
2014/02/19 20:22:36 [error] [php] include(CGridView.php): failed to open stream: No such file or directory (C:\Program Files (x86)\EasyPHP-DevServer-13.1VC9\data\localweb\Yii\framework\YiiBase.php:427)
Stack trace:
#0 C:\Program Files (x86)\EasyPHP-DevServer-13.1VC9\data\localweb\Origin\admin\protected\extensions\bootstrap\widgets\TbGridView.php(17): spl_autoload_call()
#1 C:\Program Files (x86)\EasyPHP-DevServer-13.1VC9\data\localweb\Yii\framework\YiiBase.php(320): require()
#2 C:\Program Files (x86)\EasyPHP-DevServer-13.1VC9\data\localweb\Yii\framework\web\CWidgetFactory.php(146): import()
#3 C:\Program Files (x86)\EasyPHP-DevServer-13.1VC9\data\localweb\Yii\framework\web\CBaseController.php(146): CWidgetFactory->createWidget()
#4 C:\Program Files (x86)\EasyPHP-DevServer-13.1VC9\data\localweb\Yii\framework\web\CBaseController.php(172): UserController->createWidget()
#5 C:\Program Files (x86)\EasyPHP-DevServer-13.1VC9\data\localweb\Origin\admin\protected\views\user\admin.php(56): UserController->widget()
#6 C:\Program Files (x86)\EasyPHP-DevServer-13.1VC9\data\localweb\Yii\framework\web\CBaseController.php(126): require()
#7 C:\Program Files (x86)\EasyPHP-DevServer-13.1VC9\data\localweb\Yii\framework\web\CBaseController.php(95): UserController->renderInternal()
#8 C:\Program Files (x86)\EasyPHP-DevServer-13.1VC9\data\localweb\Yii\framework\web\CController.php(869): UserController->renderFile()
#9 C:\Program Files (x86)\EasyPHP-DevServer-13.1VC9\data\localweb\Yii\framework\web\CController.php(782): UserController->renderPartial()
#10 C:\Program Files (x86)\EasyPHP-DevServer-13.1VC9\data\localweb\Origin\admin\protected\controllers\UserController.php(143): UserController->render()
#11 C:\Program Files (x86)\EasyPHP-DevServer-13.1VC9\data\localweb\Yii\framework\web\actions\CInlineAction.php(49): UserController->actionAdmin()
#12 C:\Program Files (x86)\EasyPHP-DevServer-13.1VC9\data\localweb\Yii\framework\web\CController.php(308): CInlineAction->runWithParams()
#13 C:\Program Files (x86)\EasyPHP-DevServer-13.1VC9\data\localweb\Yii\framework\web\filters\CFilterChain.php(133): UserController->runAction()
#14 C:\Program Files (x86)\EasyPHP-DevServer-13.1VC9\data\localweb\Yii\framework\web\filters\CFilter.php(40): CFilterChain->run()
#15 C:\Program Files (x86)\EasyPHP-DevServer-13.1VC9\data\localweb\Yii\framework\web\CController.php(1145): CAccessControlFilter->filter()
#16 C:\Program Files (x86)\EasyPHP-DevServer-13.1VC9\data\localweb\Yii\framework\web\filters\CInlineFilter.php(58): UserController->filterAccessControl()
#17 C:\Program Files (x86)\EasyPHP-DevServer-13.1VC9\data\localweb\Yii\framework\web\filters\CFilterChain.php(130): CInlineFilter->filter()
#18 C:\Program Files (x86)\EasyPHP-DevServer-13.1VC9\data\localweb\Yii\framework\web\CController.php(291): CFilterChain->run()
#19 C:\Program Files (x86)\EasyPHP-DevServer-13.1VC9\data\localweb\Yii\framework\web\CController.php(265): UserController->runActionWithFilters()
#20 C:\Program Files (x86)\EasyPHP-DevServer-13.1VC9\data\localweb\Yii\framework\web\CWebApplication.php(282): UserController->run()
#21 C:\Program Files (x86)\EasyPHP-DevServer-13.1VC9\data\localweb\Yii\framework\web\CWebApplication.php(141): CWebApplication->runController()
#22 C:\Program Files (x86)\EasyPHP-DevServer-13.1VC9\data\localweb\Yii\framework\base\CApplication.php(180): CWebApplication->processRequest()
#23 C:\Program Files (x86)\EasyPHP-DevServer-13.1VC9\data\localweb\Origin\admin\index.php(13): CWebApplication->run()
REQUEST_URI=/Origin/admin/index.php?r=User/admin
in C:\Program Files (x86)\EasyPHP-DevServer-13.1VC9\data\localweb\Origin\admin\protected\extensions\bootstrap\widgets\TbGridView.php (17)
in C:\Program Files (x86)\EasyPHP-DevServer-13.1VC9\data\localweb\Origin\admin\protected\views\user\admin.php (56)
in C:\Program Files (x86)\EasyPHP-DevServer-13.1VC9\data\localweb\Origin\admin\protected\controllers\UserController.php (143)
2014/02/19 20:24:23 [error] [php] include(CGridView.php): failed to open stream: No such file or directory (C:\Program Files (x86)\EasyPHP-DevServer-13.1VC9\data\localweb\Yii\framework\YiiBase.php:427)
Stack trace:
#0 C:\Program Files (x86)\EasyPHP-DevServer-13.1VC9\data\localweb\Origin\admin\protected\extensions\bootstrap\widgets\TbGridView.php(17): spl_autoload_call()
#1 C:\Program Files (x86)\EasyPHP-DevServer-13.1VC9\data\localweb\Yii\framework\YiiBase.php(320): require()
#2 C:\Program Files (x86)\EasyPHP-DevServer-13.1VC9\data\localweb\Yii\framework\web\CWidgetFactory.php(146): import()
#3 C:\Program Files (x86)\EasyPHP-DevServer-13.1VC9\data\localweb\Yii\framework\web\CBaseController.php(146): CWidgetFactory->createWidget()
#4 C:\Program Files (x86)\EasyPHP-DevServer-13.1VC9\data\localweb\Yii\framework\web\CBaseController.php(172): UserController->createWidget()
#5 C:\Program Files (x86)\EasyPHP-DevServer-13.1VC9\data\localweb\Origin\admin\protected\views\user\admin.php(56): UserController->widget()
#6 C:\Program Files (x86)\EasyPHP-DevServer-13.1VC9\data\localweb\Yii\framework\web\CBaseController.php(126): require()
#7 C:\Program Files (x86)\EasyPHP-DevServer-13.1VC9\data\localweb\Yii\framework\web\CBaseController.php(95): UserController->renderInternal()
#8 C:\Program Files (x86)\EasyPHP-DevServer-13.1VC9\data\localweb\Yii\framework\web\CController.php(869): UserController->renderFile()
#9 C:\Program Files (x86)\EasyPHP-DevServer-13.1VC9\data\localweb\Yii\framework\web\CController.php(782): UserController->renderPartial()
#10 C:\Program Files (x86)\EasyPHP-DevServer-13.1VC9\data\localweb\Origin\admin\protected\controllers\UserController.php(143): UserController->render()
#11 C:\Program Files (x86)\EasyPHP-DevServer-13.1VC9\data\localweb\Yii\framework\web\actions\CInlineAction.php(49): UserController->actionAdmin()
#12 C:\Program Files (x86)\EasyPHP-DevServer-13.1VC9\data\localweb\Yii\framework\web\CController.php(308): CInlineAction->runWithParams()
#13 C:\Program Files (x86)\EasyPHP-DevServer-13.1VC9\data\localweb\Yii\framework\web\filters\CFilterChain.php(133): UserController->runAction()
#14 C:\Program Files (x86)\EasyPHP-DevServer-13.1VC9\data\localweb\Yii\framework\web\filters\CFilter.php(40): CFilterChain->run()
#15 C:\Program Files (x86)\EasyPHP-DevServer-13.1VC9\data\localweb\Yii\framework\web\CController.php(1145): CAccessControlFilter->filter()
#16 C:\Program Files (x86)\EasyPHP-DevServer-13.1VC9\data\localweb\Yii\framework\web\filters\CInlineFilter.php(58): UserController->filterAccessControl()
#17 C:\Program Files (x86)\EasyPHP-DevServer-13.1VC9\data\localweb\Yii\framework\web\filters\CFilterChain.php(130): CInlineFilter->filter()
#18 C:\Program Files (x86)\EasyPHP-DevServer-13.1VC9\data\localweb\Yii\framework\web\CController.php(291): CFilterChain->run()
#19 C:\Program Files (x86)\EasyPHP-DevServer-13.1VC9\data\localweb\Yii\framework\web\CController.php(265): UserController->runActionWithFilters()
#20 C:\Program Files (x86)\EasyPHP-DevServer-13.1VC9\data\localweb\Yii\framework\web\CWebApplication.php(282): UserController->run()
#21 C:\Program Files (x86)\EasyPHP-DevServer-13.1VC9\data\localweb\Yii\framework\web\CWebApplication.php(141): CWebApplication->runController()
#22 C:\Program Files (x86)\EasyPHP-DevServer-13.1VC9\data\localweb\Yii\framework\base\CApplication.php(180): CWebApplication->processRequest()
#23 C:\Program Files (x86)\EasyPHP-DevServer-13.1VC9\data\localweb\Origin\admin\index.php(13): CWebApplication->run()
REQUEST_URI=/Origin/admin/index.php?r=User/admin
in C:\Program Files (x86)\EasyPHP-DevServer-13.1VC9\data\localweb\Origin\admin\protected\extensions\bootstrap\widgets\TbGridView.php (17)
in C:\Program Files (x86)\EasyPHP-DevServer-13.1VC9\data\localweb\Origin\admin\protected\views\user\admin.php (56)
in C:\Program Files (x86)\EasyPHP-DevServer-13.1VC9\data\localweb\Origin\admin\protected\controllers\UserController.php (143)
2014/02/19 20:24:25 [error] [php] include(CGridView.php): failed to open stream: No such file or directory (C:\Program Files (x86)\EasyPHP-DevServer-13.1VC9\data\localweb\Yii\framework\YiiBase.php:427)
Stack trace:
#0 C:\Program Files (x86)\EasyPHP-DevServer-13.1VC9\data\localweb\Origin\admin\protected\extensions\bootstrap\widgets\TbGridView.php(17): spl_autoload_call()
#1 C:\Program Files (x86)\EasyPHP-DevServer-13.1VC9\data\localweb\Yii\framework\YiiBase.php(320): require()
#2 C:\Program Files (x86)\EasyPHP-DevServer-13.1VC9\data\localweb\Yii\framework\web\CWidgetFactory.php(146): import()
#3 C:\Program Files (x86)\EasyPHP-DevServer-13.1VC9\data\localweb\Yii\framework\web\CBaseController.php(146): CWidgetFactory->createWidget()
#4 C:\Program Files (x86)\EasyPHP-DevServer-13.1VC9\data\localweb\Yii\framework\web\CBaseController.php(172): UserController->createWidget()
#5 C:\Program Files (x86)\EasyPHP-DevServer-13.1VC9\data\localweb\Origin\admin\protected\views\user\admin.php(56): UserController->widget()
#6 C:\Program Files (x86)\EasyPHP-DevServer-13.1VC9\data\localweb\Yii\framework\web\CBaseController.php(126): require()
#7 C:\Program Files (x86)\EasyPHP-DevServer-13.1VC9\data\localweb\Yii\framework\web\CBaseController.php(95): UserController->renderInternal()
#8 C:\Program Files (x86)\EasyPHP-DevServer-13.1VC9\data\localweb\Yii\framework\web\CController.php(869): UserController->renderFile()
#9 C:\Program Files (x86)\EasyPHP-DevServer-13.1VC9\data\localweb\Yii\framework\web\CController.php(782): UserController->renderPartial()
#10 C:\Program Files (x86)\EasyPHP-DevServer-13.1VC9\data\localweb\Origin\admin\protected\controllers\UserController.php(143): UserController->render()
#11 C:\Program Files (x86)\EasyPHP-DevServer-13.1VC9\data\localweb\Yii\framework\web\actions\CInlineAction.php(49): UserController->actionAdmin()
#12 C:\Program Files (x86)\EasyPHP-DevServer-13.1VC9\data\localweb\Yii\framework\web\CController.php(308): CInlineAction->runWithParams()
#13 C:\Program Files (x86)\EasyPHP-DevServer-13.1VC9\data\localweb\Yii\framework\web\filters\CFilterChain.php(133): UserController->runAction()
#14 C:\Program Files (x86)\EasyPHP-DevServer-13.1VC9\data\localweb\Yii\framework\web\filters\CFilter.php(40): CFilterChain->run()
#15 C:\Program Files (x86)\EasyPHP-DevServer-13.1VC9\data\localweb\Yii\framework\web\CController.php(1145): CAccessControlFilter->filter()
#16 C:\Program Files (x86)\EasyPHP-DevServer-13.1VC9\data\localweb\Yii\framework\web\filters\CInlineFilter.php(58): UserController->filterAccessControl()
#17 C:\Program Files (x86)\EasyPHP-DevServer-13.1VC9\data\localweb\Yii\framework\web\filters\CFilterChain.php(130): CInlineFilter->filter()
#18 C:\Program Files (x86)\EasyPHP-DevServer-13.1VC9\data\localweb\Yii\framework\web\CController.php(291): CFilterChain->run()
#19 C:\Program Files (x86)\EasyPHP-DevServer-13.1VC9\data\localweb\Yii\framework\web\CController.php(265): UserController->runActionWithFilters()
#20 C:\Program Files (x86)\EasyPHP-DevServer-13.1VC9\data\localweb\Yii\framework\web\CWebApplication.php(282): UserController->run()
#21 C:\Program Files (x86)\EasyPHP-DevServer-13.1VC9\data\localweb\Yii\framework\web\CWebApplication.php(141): CWebApplication->runController()
#22 C:\Program Files (x86)\EasyPHP-DevServer-13.1VC9\data\localweb\Yii\framework\base\CApplication.php(180): CWebApplication->processRequest()
#23 C:\Program Files (x86)\EasyPHP-DevServer-13.1VC9\data\localweb\Origin\admin\index.php(13): CWebApplication->run()
REQUEST_URI=/Origin/admin/index.php?r=User/admin
in C:\Program Files (x86)\EasyPHP-DevServer-13.1VC9\data\localweb\Origin\admin\protected\extensions\bootstrap\widgets\TbGridView.php (17)
in C:\Program Files (x86)\EasyPHP-DevServer-13.1VC9\data\localweb\Origin\admin\protected\views\user\admin.php (56)
in C:\Program Files (x86)\EasyPHP-DevServer-13.1VC9\data\localweb\Origin\admin\protected\controllers\UserController.php (143)
2014/02/19 20:24:26 [error] [php] include(CGridView.php): failed to open stream: No such file or directory (C:\Program Files (x86)\EasyPHP-DevServer-13.1VC9\data\localweb\Yii\framework\YiiBase.php:427)
Stack trace:
#0 C:\Program Files (x86)\EasyPHP-DevServer-13.1VC9\data\localweb\Origin\admin\protected\extensions\bootstrap\widgets\TbGridView.php(17): spl_autoload_call()
#1 C:\Program Files (x86)\EasyPHP-DevServer-13.1VC9\data\localweb\Yii\framework\YiiBase.php(320): require()
#2 C:\Program Files (x86)\EasyPHP-DevServer-13.1VC9\data\localweb\Yii\framework\web\CWidgetFactory.php(146): import()
#3 C:\Program Files (x86)\EasyPHP-DevServer-13.1VC9\data\localweb\Yii\framework\web\CBaseController.php(146): CWidgetFactory->createWidget()
#4 C:\Program Files (x86)\EasyPHP-DevServer-13.1VC9\data\localweb\Yii\framework\web\CBaseController.php(172): UserController->createWidget()
#5 C:\Program Files (x86)\EasyPHP-DevServer-13.1VC9\data\localweb\Origin\admin\protected\views\user\admin.php(56): UserController->widget()
#6 C:\Program Files (x86)\EasyPHP-DevServer-13.1VC9\data\localweb\Yii\framework\web\CBaseController.php(126): require()
#7 C:\Program Files (x86)\EasyPHP-DevServer-13.1VC9\data\localweb\Yii\framework\web\CBaseController.php(95): UserController->renderInternal()
#8 C:\Program Files (x86)\EasyPHP-DevServer-13.1VC9\data\localweb\Yii\framework\web\CController.php(869): UserController->renderFile()
#9 C:\Program Files (x86)\EasyPHP-DevServer-13.1VC9\data\localweb\Yii\framework\web\CController.php(782): UserController->renderPartial()
#10 C:\Program Files (x86)\EasyPHP-DevServer-13.1VC9\data\localweb\Origin\admin\protected\controllers\UserController.php(143): UserController->render()
#11 C:\Program Files (x86)\EasyPHP-DevServer-13.1VC9\data\localweb\Yii\framework\web\actions\CInlineAction.php(49): UserController->actionAdmin()
#12 C:\Program Files (x86)\EasyPHP-DevServer-13.1VC9\data\localweb\Yii\framework\web\CController.php(308): CInlineAction->runWithParams()
#13 C:\Program Files (x86)\EasyPHP-DevServer-13.1VC9\data\localweb\Yii\framework\web\filters\CFilterChain.php(133): UserController->runAction()
#14 C:\Program Files (x86)\EasyPHP-DevServer-13.1VC9\data\localweb\Yii\framework\web\filters\CFilter.php(40): CFilterChain->run()
#15 C:\Program Files (x86)\EasyPHP-DevServer-13.1VC9\data\localweb\Yii\framework\web\CController.php(1145): CAccessControlFilter->filter()
#16 C:\Program Files (x86)\EasyPHP-DevServer-13.1VC9\data\localweb\Yii\framework\web\filters\CInlineFilter.php(58): UserController->filterAccessControl()
#17 C:\Program Files (x86)\EasyPHP-DevServer-13.1VC9\data\localweb\Yii\framework\web\filters\CFilterChain.php(130): CInlineFilter->filter()
#18 C:\Program Files (x86)\EasyPHP-DevServer-13.1VC9\data\localweb\Yii\framework\web\CController.php(291): CFilterChain->run()
#19 C:\Program Files (x86)\EasyPHP-DevServer-13.1VC9\data\localweb\Yii\framework\web\CController.php(265): UserController->runActionWithFilters()
#20 C:\Program Files (x86)\EasyPHP-DevServer-13.1VC9\data\localweb\Yii\framework\web\CWebApplication.php(282): UserController->run()
#21 C:\Program Files (x86)\EasyPHP-DevServer-13.1VC9\data\localweb\Yii\framework\web\CWebApplication.php(141): CWebApplication->runController()
#22 C:\Program Files (x86)\EasyPHP-DevServer-13.1VC9\data\localweb\Yii\framework\base\CApplication.php(180): CWebApplication->processRequest()
#23 C:\Program Files (x86)\EasyPHP-DevServer-13.1VC9\data\localweb\Origin\admin\index.php(13): CWebApplication->run()
REQUEST_URI=/Origin/admin/index.php?r=User/admin
in C:\Program Files (x86)\EasyPHP-DevServer-13.1VC9\data\localweb\Origin\admin\protected\extensions\bootstrap\widgets\TbGridView.php (17)
in C:\Program Files (x86)\EasyPHP-DevServer-13.1VC9\data\localweb\Origin\admin\protected\views\user\admin.php (56)
in C:\Program Files (x86)\EasyPHP-DevServer-13.1VC9\data\localweb\Origin\admin\protected\controllers\UserController.php (143)
2014/02/19 20:24:32 [error] [php] include(CGridView.php): failed to open stream: No such file or directory (C:\Program Files (x86)\EasyPHP-DevServer-13.1VC9\data\localweb\Yii\framework\YiiBase.php:427)
Stack trace:
#0 C:\Program Files (x86)\EasyPHP-DevServer-13.1VC9\data\localweb\Origin\admin\protected\extensions\bootstrap\widgets\TbGridView.php(17): spl_autoload_call()
#1 C:\Program Files (x86)\EasyPHP-DevServer-13.1VC9\data\localweb\Yii\framework\YiiBase.php(320): require()
#2 C:\Program Files (x86)\EasyPHP-DevServer-13.1VC9\data\localweb\Yii\framework\web\CWidgetFactory.php(146): import()
#3 C:\Program Files (x86)\EasyPHP-DevServer-13.1VC9\data\localweb\Yii\framework\web\CBaseController.php(146): CWidgetFactory->createWidget()
#4 C:\Program Files (x86)\EasyPHP-DevServer-13.1VC9\data\localweb\Yii\framework\web\CBaseController.php(172): UserController->createWidget()
#5 C:\Program Files (x86)\EasyPHP-DevServer-13.1VC9\data\localweb\Origin\admin\protected\views\user\admin.php(56): UserController->widget()
#6 C:\Program Files (x86)\EasyPHP-DevServer-13.1VC9\data\localweb\Yii\framework\web\CBaseController.php(126): require()
#7 C:\Program Files (x86)\EasyPHP-DevServer-13.1VC9\data\localweb\Yii\framework\web\CBaseController.php(95): UserController->renderInternal()
#8 C:\Program Files (x86)\EasyPHP-DevServer-13.1VC9\data\localweb\Yii\framework\web\CController.php(869): UserController->renderFile()
#9 C:\Program Files (x86)\EasyPHP-DevServer-13.1VC9\data\localweb\Yii\framework\web\CController.php(782): UserController->renderPartial()
#10 C:\Program Files (x86)\EasyPHP-DevServer-13.1VC9\data\localweb\Origin\admin\protected\controllers\UserController.php(143): UserController->render()
#11 C:\Program Files (x86)\EasyPHP-DevServer-13.1VC9\data\localweb\Yii\framework\web\actions\CInlineAction.php(49): UserController->actionAdmin()
#12 C:\Program Files (x86)\EasyPHP-DevServer-13.1VC9\data\localweb\Yii\framework\web\CController.php(308): CInlineAction->runWithParams()
#13 C:\Program Files (x86)\EasyPHP-DevServer-13.1VC9\data\localweb\Yii\framework\web\filters\CFilterChain.php(133): UserController->runAction()
#14 C:\Program Files (x86)\EasyPHP-DevServer-13.1VC9\data\localweb\Yii\framework\web\filters\CFilter.php(40): CFilterChain->run()
#15 C:\Program Files (x86)\EasyPHP-DevServer-13.1VC9\data\localweb\Yii\framework\web\CController.php(1145): CAccessControlFilter->filter()
#16 C:\Program Files (x86)\EasyPHP-DevServer-13.1VC9\data\localweb\Yii\framework\web\filters\CInlineFilter.php(58): UserController->filterAccessControl()
#17 C:\Program Files (x86)\EasyPHP-DevServer-13.1VC9\data\localweb\Yii\framework\web\filters\CFilterChain.php(130): CInlineFilter->filter()
#18 C:\Program Files (x86)\EasyPHP-DevServer-13.1VC9\data\localweb\Yii\framework\web\CController.php(291): CFilterChain->run()
#19 C:\Program Files (x86)\EasyPHP-DevServer-13.1VC9\data\localweb\Yii\framework\web\CController.php(265): UserController->runActionWithFilters()
#20 C:\Program Files (x86)\EasyPHP-DevServer-13.1VC9\data\localweb\Yii\framework\web\CWebApplication.php(282): UserController->run()
#21 C:\Program Files (x86)\EasyPHP-DevServer-13.1VC9\data\localweb\Yii\framework\web\CWebApplication.php(141): CWebApplication->runController()
#22 C:\Program Files (x86)\EasyPHP-DevServer-13.1VC9\data\localweb\Yii\framework\base\CApplication.php(180): CWebApplication->processRequest()
#23 C:\Program Files (x86)\EasyPHP-DevServer-13.1VC9\data\localweb\Origin\admin\index.php(13): CWebApplication->run()
REQUEST_URI=/Origin/admin/index.php?r=User/admin
in C:\Program Files (x86)\EasyPHP-DevServer-13.1VC9\data\localweb\Origin\admin\protected\extensions\bootstrap\widgets\TbGridView.php (17)
in C:\Program Files (x86)\EasyPHP-DevServer-13.1VC9\data\localweb\Origin\admin\protected\views\user\admin.php (56)
in C:\Program Files (x86)\EasyPHP-DevServer-13.1VC9\data\localweb\Origin\admin\protected\controllers\UserController.php (143)
2014/02/20 00:16:39 [warning] [application] Failed to set unsafe attribute "coperta" of "Proiect".
in C:\Program Files (x86)\EasyPHP-DevServer-13.1VC9\data\localweb\Origin\admin\protected\controllers\ProiectController.php (72)
in C:\Program Files (x86)\EasyPHP-DevServer-13.1VC9\data\localweb\Origin\admin\index.php (13)
2014/02/20 00:16:39 [warning] [application] Failed to set unsafe attribute "descriere_en" of "Proiect".
in C:\Program Files (x86)\EasyPHP-DevServer-13.1VC9\data\localweb\Origin\admin\protected\controllers\ProiectController.php (72)
in C:\Program Files (x86)\EasyPHP-DevServer-13.1VC9\data\localweb\Origin\admin\index.php (13)
2014/02/20 00:16:59 [warning] [application] Failed to set unsafe attribute "coperta" of "Proiect".
in C:\Program Files (x86)\EasyPHP-DevServer-13.1VC9\data\localweb\Origin\admin\protected\controllers\ProiectController.php (72)
in C:\Program Files (x86)\EasyPHP-DevServer-13.1VC9\data\localweb\Origin\admin\index.php (13)
2014/02/20 00:16:59 [warning] [application] Failed to set unsafe attribute "descriere_en" of "Proiect".
in C:\Program Files (x86)\EasyPHP-DevServer-13.1VC9\data\localweb\Origin\admin\protected\controllers\ProiectController.php (72)
in C:\Program Files (x86)\EasyPHP-DevServer-13.1VC9\data\localweb\Origin\admin\index.php (13)
2014/02/20 00:17:17 [warning] [application] Failed to set unsafe attribute "coperta" of "Proiect".
in C:\Program Files (x86)\EasyPHP-DevServer-13.1VC9\data\localweb\Origin\admin\protected\controllers\ProiectController.php (72)
in C:\Program Files (x86)\EasyPHP-DevServer-13.1VC9\data\localweb\Origin\admin\index.php (13)
2014/02/20 00:17:17 [warning] [application] Failed to set unsafe attribute "descriere_en" of "Proiect".
in C:\Program Files (x86)\EasyPHP-DevServer-13.1VC9\data\localweb\Origin\admin\protected\controllers\ProiectController.php (72)
in C:\Program Files (x86)\EasyPHP-DevServer-13.1VC9\data\localweb\Origin\admin\index.php (13)
2014/02/20 00:17:23 [warning] [application] Failed to set unsafe attribute "coperta" of "Proiect".
in C:\Program Files (x86)\EasyPHP-DevServer-13.1VC9\data\localweb\Origin\admin\protected\controllers\ProiectController.php (72)
in C:\Program Files (x86)\EasyPHP-DevServer-13.1VC9\data\localweb\Origin\admin\index.php (13)
2014/02/20 00:17:23 [warning] [application] Failed to set unsafe attribute "descriere_en" of "Proiect".
in C:\Program Files (x86)\EasyPHP-DevServer-13.1VC9\data\localweb\Origin\admin\protected\controllers\ProiectController.php (72)
in C:\Program Files (x86)\EasyPHP-DevServer-13.1VC9\data\localweb\Origin\admin\index.php (13)
2014/02/20 00:18:32 [warning] [application] Failed to set unsafe attribute "coperta" of "Proiect".
in C:\Program Files (x86)\EasyPHP-DevServer-13.1VC9\data\localweb\Origin\admin\protected\controllers\ProiectController.php (72)
in C:\Program Files (x86)\EasyPHP-DevServer-13.1VC9\data\localweb\Origin\admin\index.php (13)
2014/02/20 00:18:32 [warning] [application] Failed to set unsafe attribute "descriere_en" of "Proiect".
in C:\Program Files (x86)\EasyPHP-DevServer-13.1VC9\data\localweb\Origin\admin\protected\controllers\ProiectController.php (72)
in C:\Program Files (x86)\EasyPHP-DevServer-13.1VC9\data\localweb\Origin\admin\index.php (13)
2014/02/20 00:21:03 [warning] [application] Failed to set unsafe attribute "descriere_en" of "Proiect".
in C:\Program Files (x86)\EasyPHP-DevServer-13.1VC9\data\localweb\Origin\admin\protected\controllers\ProiectController.php (72)
in C:\Program Files (x86)\EasyPHP-DevServer-13.1VC9\data\localweb\Origin\admin\index.php (13)
2014/02/20 00:21:09 [warning] [application] Failed to set unsafe attribute "descriere_en" of "Proiect".
in C:\Program Files (x86)\EasyPHP-DevServer-13.1VC9\data\localweb\Origin\admin\protected\controllers\ProiectController.php (72)
in C:\Program Files (x86)\EasyPHP-DevServer-13.1VC9\data\localweb\Origin\admin\index.php (13)
2014/02/20 01:53:05 [warning] [application] Failed to set unsafe attribute "descriere_en" of "Proiect".
in C:\Program Files (x86)\EasyPHP-DevServer-13.1VC9\data\localweb\Origin\admin\protected\controllers\ProiectController.php (72)
in C:\Program Files (x86)\EasyPHP-DevServer-13.1VC9\data\localweb\Origin\admin\index.php (13)
2014/02/20 02:02:15 [warning] [application] Failed to set unsafe attribute "descriere_en" of "Proiect".
in C:\Program Files (x86)\EasyPHP-DevServer-13.1VC9\data\localweb\Origin\admin\protected\controllers\ProiectController.php (72)
in C:\Program Files (x86)\EasyPHP-DevServer-13.1VC9\data\localweb\Origin\admin\index.php (13)
2014/02/20 02:02:33 [warning] [application] Failed to set unsafe attribute "descriere_en" of "Proiect".
in C:\Program Files (x86)\EasyPHP-DevServer-13.1VC9\data\localweb\Origin\admin\protected\controllers\ProiectController.php (72)
in C:\Program Files (x86)\EasyPHP-DevServer-13.1VC9\data\localweb\Origin\admin\index.php (13)
2014/02/20 02:06:56 [warning] [application] Failed to set unsafe attribute "descriere_en" of "Proiect".
in C:\Program Files (x86)\EasyPHP-DevServer-13.1VC9\data\localweb\Origin\admin\protected\controllers\ProiectController.php (72)
in C:\Program Files (x86)\EasyPHP-DevServer-13.1VC9\data\localweb\Origin\admin\index.php (13)
2014/02/20 02:09:12 [warning] [application] Failed to set unsafe attribute "descriere_en" of "Proiect".
in C:\Program Files (x86)\EasyPHP-DevServer-13.1VC9\data\localweb\Origin\admin\protected\controllers\ProiectController.php (72)
in C:\Program Files (x86)\EasyPHP-DevServer-13.1VC9\data\localweb\Origin\admin\index.php (13)
2014/02/20 02:12:10 [warning] [application] Failed to set unsafe attribute "descriere_en" of "Proiect".
in C:\Program Files (x86)\EasyPHP-DevServer-13.1VC9\data\localweb\Origin\admin\protected\controllers\ProiectController.php (72)
in C:\Program Files (x86)\EasyPHP-DevServer-13.1VC9\data\localweb\Origin\admin\index.php (13)
2014/02/20 02:14:44 [warning] [application] Failed to set unsafe attribute "descriere_en" of "Proiect".
in C:\Program Files (x86)\EasyPHP-DevServer-13.1VC9\data\localweb\Origin\admin\protected\controllers\ProiectController.php (72)
in C:\Program Files (x86)\EasyPHP-DevServer-13.1VC9\data\localweb\Origin\admin\index.php (13)
2014/02/20 02:14:58 [warning] [application] Failed to set unsafe attribute "descriere_en" of "Proiect".
in C:\Program Files (x86)\EasyPHP-DevServer-13.1VC9\data\localweb\Origin\admin\protected\controllers\ProiectController.php (72)
in C:\Program Files (x86)\EasyPHP-DevServer-13.1VC9\data\localweb\Origin\admin\index.php (13)
2014/02/20 02:16:12 [warning] [application] Failed to set unsafe attribute "descriere_en" of "Proiect".
in C:\Program Files (x86)\EasyPHP-DevServer-13.1VC9\data\localweb\Origin\admin\protected\controllers\ProiectController.php (72)
in C:\Program Files (x86)\EasyPHP-DevServer-13.1VC9\data\localweb\Origin\admin\index.php (13)
2014/02/20 02:20:24 [warning] [application] Failed to set unsafe attribute "descriere_en" of "Proiect".
in C:\Program Files (x86)\EasyPHP-DevServer-13.1VC9\data\localweb\Origin\admin\protected\controllers\ProiectController.php (72)
in C:\Program Files (x86)\EasyPHP-DevServer-13.1VC9\data\localweb\Origin\admin\index.php (13)
2014/02/20 02:20:49 [warning] [application] Failed to set unsafe attribute "descriere_en" of "Proiect".
in C:\Program Files (x86)\EasyPHP-DevServer-13.1VC9\data\localweb\Origin\admin\protected\controllers\ProiectController.php (101)
in C:\Program Files (x86)\EasyPHP-DevServer-13.1VC9\data\localweb\Origin\admin\index.php (13)
2014/02/20 02:22:29 [warning] [application] Failed to set unsafe attribute "descriere_en" of "Proiect".
in C:\Program Files (x86)\EasyPHP-DevServer-13.1VC9\data\localweb\Origin\admin\protected\controllers\ProiectController.php (101)
in C:\Program Files (x86)\EasyPHP-DevServer-13.1VC9\data\localweb\Origin\admin\index.php (13)
2014/02/20 02:24:32 [warning] [application] Failed to set unsafe attribute "descriere_en" of "Proiect".
in C:\Program Files (x86)\EasyPHP-DevServer-13.1VC9\data\localweb\Origin\admin\protected\controllers\ProiectController.php (72)
in C:\Program Files (x86)\EasyPHP-DevServer-13.1VC9\data\localweb\Origin\admin\index.php (13)
2014/02/20 02:24:38 [warning] [application] Failed to set unsafe attribute "descriere_en" of "Proiect".
in C:\Program Files (x86)\EasyPHP-DevServer-13.1VC9\data\localweb\Origin\admin\protected\controllers\ProiectController.php (72)
in C:\Program Files (x86)\EasyPHP-DevServer-13.1VC9\data\localweb\Origin\admin\index.php (13)
2014/02/20 02:25:11 [warning] [application] Failed to set unsafe attribute "descriere_en" of "Proiect".
in C:\Program Files (x86)\EasyPHP-DevServer-13.1VC9\data\localweb\Origin\admin\protected\controllers\ProiectController.php (72)
in C:\Program Files (x86)\EasyPHP-DevServer-13.1VC9\data\localweb\Origin\admin\index.php (13)
2014/02/20 02:27:21 [warning] [application] Failed to set unsafe attribute "descriere_en" of "Proiect".
in C:\Program Files (x86)\EasyPHP-DevServer-13.1VC9\data\localweb\Origin\admin\protected\controllers\ProiectController.php (72)
in C:\Program Files (x86)\EasyPHP-DevServer-13.1VC9\data\localweb\Origin\admin\index.php (13)
2014/02/20 02:27:38 [warning] [application] Failed to set unsafe attribute "descriere_en" of "Proiect".
in C:\Program Files (x86)\EasyPHP-DevServer-13.1VC9\data\localweb\Origin\admin\protected\controllers\ProiectController.php (72)
in C:\Program Files (x86)\EasyPHP-DevServer-13.1VC9\data\localweb\Origin\admin\index.php (13)
2014/02/20 02:29:16 [warning] [application] Failed to set unsafe attribute "descriere_en" of "Proiect".
in C:\Program Files (x86)\EasyPHP-DevServer-13.1VC9\data\localweb\Origin\admin\protected\controllers\ProiectController.php (104)
in C:\Program Files (x86)\EasyPHP-DevServer-13.1VC9\data\localweb\Origin\admin\index.php (13)
2014/02/20 02:29:23 [warning] [application] Failed to set unsafe attribute "descriere_en" of "Proiect".
in C:\Program Files (x86)\EasyPHP-DevServer-13.1VC9\data\localweb\Origin\admin\protected\controllers\ProiectController.php (104)
in C:\Program Files (x86)\EasyPHP-DevServer-13.1VC9\data\localweb\Origin\admin\index.php (13)
2014/02/20 02:31:18 [error] [exception.CException] exception 'CException' with message 'Proiect has an invalid validation rule. The rule must specify attributes to be validated and the validator name.' in C:\Program Files (x86)\EasyPHP-DevServer-13.1VC9\data\localweb\Yii\framework\base\CModel.php:289
Stack trace:
#0 C:\Program Files (x86)\EasyPHP-DevServer-13.1VC9\data\localweb\Yii\framework\base\CModel.php(260): CModel->createValidators()
#1 C:\Program Files (x86)\EasyPHP-DevServer-13.1VC9\data\localweb\Yii\framework\base\CModel.php(304): CModel->getValidators('coperta')
#2 C:\Program Files (x86)\EasyPHP-DevServer-13.1VC9\data\localweb\Yii\framework\web\helpers\CHtml.php(1414): CModel->isAttributeRequired('coperta')
#3 C:\Program Files (x86)\EasyPHP-DevServer-13.1VC9\data\localweb\Yii\framework\web\widgets\CActiveForm.php(597): CHtml::activeLabelEx(Object(Proiect), 'coperta', Array)
#4 C:\Program Files (x86)\EasyPHP-DevServer-13.1VC9\data\localweb\Origin\admin\protected\views\proiect\_form.php(26): CActiveForm->labelEx(Object(Proiect), 'coperta')
#5 C:\Program Files (x86)\EasyPHP-DevServer-13.1VC9\data\localweb\Yii\framework\web\CBaseController.php(126): require('C:\Program File...')
#6 C:\Program Files (x86)\EasyPHP-DevServer-13.1VC9\data\localweb\Yii\framework\web\CBaseController.php(95): CBaseController->renderInternal('C:\Program File...', Array, true)
#7 C:\Program Files (x86)\EasyPHP-DevServer-13.1VC9\data\localweb\Yii\framework\web\CController.php(869): CBaseController->renderFile('C:\Program File...', Array, true)
#8 C:\Program Files (x86)\EasyPHP-DevServer-13.1VC9\data\localweb\Origin\admin\protected\views\proiect\create.php(18): CController->renderPartial('_form', Array)
#9 C:\Program Files (x86)\EasyPHP-DevServer-13.1VC9\data\localweb\Yii\framework\web\CBaseController.php(126): require('C:\Program File...')
#10 C:\Program Files (x86)\EasyPHP-DevServer-13.1VC9\data\localweb\Yii\framework\web\CBaseController.php(95): CBaseController->renderInternal('C:\Program File...', Array, true)
#11 C:\Program Files (x86)\EasyPHP-DevServer-13.1VC9\data\localweb\Yii\framework\web\CController.php(869): CBaseController->renderFile('C:\Program File...', Array, true)
#12 C:\Program Files (x86)\EasyPHP-DevServer-13.1VC9\data\localweb\Yii\framework\web\CController.php(782): CController->renderPartial('create', Array, true)
#13 C:\Program Files (x86)\EasyPHP-DevServer-13.1VC9\data\localweb\Origin\admin\protected\controllers\ProiectController.php(87): CController->render('create', Array)
#14 C:\Program Files (x86)\EasyPHP-DevServer-13.1VC9\data\localweb\Yii\framework\web\actions\CInlineAction.php(49): ProiectController->actionCreate()
#15 C:\Program Files (x86)\EasyPHP-DevServer-13.1VC9\data\localweb\Yii\framework\web\CController.php(308): CInlineAction->runWithParams(Array)
#16 C:\Program Files (x86)\EasyPHP-DevServer-13.1VC9\data\localweb\Yii\framework\web\filters\CFilterChain.php(133): CController->runAction(Object(CInlineAction))
#17 C:\Program Files (x86)\EasyPHP-DevServer-13.1VC9\data\localweb\Yii\framework\web\filters\CFilter.php(40): CFilterChain->run()
#18 C:\Program Files (x86)\EasyPHP-DevServer-13.1VC9\data\localweb\Yii\framework\web\CController.php(1145): CFilter->filter(Object(CFilterChain))
#19 C:\Program Files (x86)\EasyPHP-DevServer-13.1VC9\data\localweb\Yii\framework\web\filters\CInlineFilter.php(58): CController->filterAccessControl(Object(CFilterChain))
#20 C:\Program Files (x86)\EasyPHP-DevServer-13.1VC9\data\localweb\Yii\framework\web\filters\CFilterChain.php(130): CInlineFilter->filter(Object(CFilterChain))
#21 C:\Program Files (x86)\EasyPHP-DevServer-13.1VC9\data\localweb\Yii\framework\web\CController.php(291): CFilterChain->run()
#22 C:\Program Files (x86)\EasyPHP-DevServer-13.1VC9\data\localweb\Yii\framework\web\CController.php(265): CController->runActionWithFilters(Object(CInlineAction), Array)
#23 C:\Program Files (x86)\EasyPHP-DevServer-13.1VC9\data\localweb\Yii\framework\web\CWebApplication.php(282): CController->run('create')
#24 C:\Program Files (x86)\EasyPHP-DevServer-13.1VC9\data\localweb\Yii\framework\web\CWebApplication.php(141): CWebApplication->runController('proiect/create')
#25 C:\Program Files (x86)\EasyPHP-DevServer-13.1VC9\data\localweb\Yii\framework\base\CApplication.php(180): CWebApplication->processRequest()
#26 C:\Program Files (x86)\EasyPHP-DevServer-13.1VC9\data\localweb\Origin\admin\index.php(13): CApplication->run()
#27 {main}
REQUEST_URI=/Origin/admin/index.php?r=proiect/create
HTTP_REFERER=http://127.0.0.1:8080/Origin/admin/index.php?r=proiect/view&id=13
---
2014/02/20 02:32:54 [error] [exception.CException] exception 'CException' with message 'Proiect has an invalid validation rule. The rule must specify attributes to be validated and the validator name.' in C:\Program Files (x86)\EasyPHP-DevServer-13.1VC9\data\localweb\Yii\framework\base\CModel.php:289
Stack trace:
#0 C:\Program Files (x86)\EasyPHP-DevServer-13.1VC9\data\localweb\Yii\framework\base\CModel.php(260): CModel->createValidators()
#1 C:\Program Files (x86)\EasyPHP-DevServer-13.1VC9\data\localweb\Yii\framework\base\CModel.php(304): CModel->getValidators('coperta')
#2 C:\Program Files (x86)\EasyPHP-DevServer-13.1VC9\data\localweb\Yii\framework\web\helpers\CHtml.php(1414): CModel->isAttributeRequired('coperta')
#3 C:\Program Files (x86)\EasyPHP-DevServer-13.1VC9\data\localweb\Yii\framework\web\widgets\CActiveForm.php(597): CHtml::activeLabelEx(Object(Proiect), 'coperta', Array)
#4 C:\Program Files (x86)\EasyPHP-DevServer-13.1VC9\data\localweb\Origin\admin\protected\views\proiect\_form.php(26): CActiveForm->labelEx(Object(Proiect), 'coperta')
#5 C:\Program Files (x86)\EasyPHP-DevServer-13.1VC9\data\localweb\Yii\framework\web\CBaseController.php(126): require('C:\Program File...')
#6 C:\Program Files (x86)\EasyPHP-DevServer-13.1VC9\data\localweb\Yii\framework\web\CBaseController.php(95): CBaseController->renderInternal('C:\Program File...', Array, true)
#7 C:\Program Files (x86)\EasyPHP-DevServer-13.1VC9\data\localweb\Yii\framework\web\CController.php(869): CBaseController->renderFile('C:\Program File...', Array, true)
#8 C:\Program Files (x86)\EasyPHP-DevServer-13.1VC9\data\localweb\Origin\admin\protected\views\proiect\create.php(18): CController->renderPartial('_form', Array)
#9 C:\Program Files (x86)\EasyPHP-DevServer-13.1VC9\data\localweb\Yii\framework\web\CBaseController.php(126): require('C:\Program File...')
#10 C:\Program Files (x86)\EasyPHP-DevServer-13.1VC9\data\localweb\Yii\framework\web\CBaseController.php(95): CBaseController->renderInternal('C:\Program File...', Array, true)
#11 C:\Program Files (x86)\EasyPHP-DevServer-13.1VC9\data\localweb\Yii\framework\web\CController.php(869): CBaseController->renderFile('C:\Program File...', Array, true)
#12 C:\Program Files (x86)\EasyPHP-DevServer-13.1VC9\data\localweb\Yii\framework\web\CController.php(782): CController->renderPartial('create', Array, true)
#13 C:\Program Files (x86)\EasyPHP-DevServer-13.1VC9\data\localweb\Origin\admin\protected\controllers\ProiectController.php(87): CController->render('create', Array)
#14 C:\Program Files (x86)\EasyPHP-DevServer-13.1VC9\data\localweb\Yii\framework\web\actions\CInlineAction.php(49): ProiectController->actionCreate()
#15 C:\Program Files (x86)\EasyPHP-DevServer-13.1VC9\data\localweb\Yii\framework\web\CController.php(308): CInlineAction->runWithParams(Array)
#16 C:\Program Files (x86)\EasyPHP-DevServer-13.1VC9\data\localweb\Yii\framework\web\filters\CFilterChain.php(133): CController->runAction(Object(CInlineAction))
#17 C:\Program Files (x86)\EasyPHP-DevServer-13.1VC9\data\localweb\Yii\framework\web\filters\CFilter.php(40): CFilterChain->run()
#18 C:\Program Files (x86)\EasyPHP-DevServer-13.1VC9\data\localweb\Yii\framework\web\CController.php(1145): CFilter->filter(Object(CFilterChain))
#19 C:\Program Files (x86)\EasyPHP-DevServer-13.1VC9\data\localweb\Yii\framework\web\filters\CInlineFilter.php(58): CController->filterAccessControl(Object(CFilterChain))
#20 C:\Program Files (x86)\EasyPHP-DevServer-13.1VC9\data\localweb\Yii\framework\web\filters\CFilterChain.php(130): CInlineFilter->filter(Object(CFilterChain))
#21 C:\Program Files (x86)\EasyPHP-DevServer-13.1VC9\data\localweb\Yii\framework\web\CController.php(291): CFilterChain->run()
#22 C:\Program Files (x86)\EasyPHP-DevServer-13.1VC9\data\localweb\Yii\framework\web\CController.php(265): CController->runActionWithFilters(Object(CInlineAction), Array)
#23 C:\Program Files (x86)\EasyPHP-DevServer-13.1VC9\data\localweb\Yii\framework\web\CWebApplication.php(282): CController->run('create')
#24 C:\Program Files (x86)\EasyPHP-DevServer-13.1VC9\data\localweb\Yii\framework\web\CWebApplication.php(141): CWebApplication->runController('proiect/create')
#25 C:\Program Files (x86)\EasyPHP-DevServer-13.1VC9\data\localweb\Yii\framework\base\CApplication.php(180): CWebApplication->processRequest()
#26 C:\Program Files (x86)\EasyPHP-DevServer-13.1VC9\data\localweb\Origin\admin\index.php(13): CApplication->run()
#27 {main}
REQUEST_URI=/Origin/admin/index.php?r=proiect/create
HTTP_REFERER=http://127.0.0.1:8080/Origin/admin/index.php?r=proiect/view&id=13
---
2014/02/20 02:32:55 [error] [exception.CException] exception 'CException' with message 'Proiect has an invalid validation rule. The rule must specify attributes to be validated and the validator name.' in C:\Program Files (x86)\EasyPHP-DevServer-13.1VC9\data\localweb\Yii\framework\base\CModel.php:289
Stack trace:
#0 C:\Program Files (x86)\EasyPHP-DevServer-13.1VC9\data\localweb\Yii\framework\base\CModel.php(260): CModel->createValidators()
#1 C:\Program Files (x86)\EasyPHP-DevServer-13.1VC9\data\localweb\Yii\framework\base\CModel.php(304): CModel->getValidators('coperta')
#2 C:\Program Files (x86)\EasyPHP-DevServer-13.1VC9\data\localweb\Yii\framework\web\helpers\CHtml.php(1414): CModel->isAttributeRequired('coperta')
#3 C:\Program Files (x86)\EasyPHP-DevServer-13.1VC9\data\localweb\Yii\framework\web\widgets\CActiveForm.php(597): CHtml::activeLabelEx(Object(Proiect), 'coperta', Array)
#4 C:\Program Files (x86)\EasyPHP-DevServer-13.1VC9\data\localweb\Origin\admin\protected\views\proiect\_form.php(26): CActiveForm->labelEx(Object(Proiect), 'coperta')
#5 C:\Program Files (x86)\EasyPHP-DevServer-13.1VC9\data\localweb\Yii\framework\web\CBaseController.php(126): require('C:\Program File...')
#6 C:\Program Files (x86)\EasyPHP-DevServer-13.1VC9\data\localweb\Yii\framework\web\CBaseController.php(95): CBaseController->renderInternal('C:\Program File...', Array, true)
#7 C:\Program Files (x86)\EasyPHP-DevServer-13.1VC9\data\localweb\Yii\framework\web\CController.php(869): CBaseController->renderFile('C:\Program File...', Array, true)
#8 C:\Program Files (x86)\EasyPHP-DevServer-13.1VC9\data\localweb\Origin\admin\protected\views\proiect\create.php(18): CController->renderPartial('_form', Array)
#9 C:\Program Files (x86)\EasyPHP-DevServer-13.1VC9\data\localweb\Yii\framework\web\CBaseController.php(126): require('C:\Program File...')
#10 C:\Program Files (x86)\EasyPHP-DevServer-13.1VC9\data\localweb\Yii\framework\web\CBaseController.php(95): CBaseController->renderInternal('C:\Program File...', Array, true)
#11 C:\Program Files (x86)\EasyPHP-DevServer-13.1VC9\data\localweb\Yii\framework\web\CController.php(869): CBaseController->renderFile('C:\Program File...', Array, true)
#12 C:\Program Files (x86)\EasyPHP-DevServer-13.1VC9\data\localweb\Yii\framework\web\CController.php(782): CController->renderPartial('create', Array, true)
#13 C:\Program Files (x86)\EasyPHP-DevServer-13.1VC9\data\localweb\Origin\admin\protected\controllers\ProiectController.php(87): CController->render('create', Array)
#14 C:\Program Files (x86)\EasyPHP-DevServer-13.1VC9\data\localweb\Yii\framework\web\actions\CInlineAction.php(49): ProiectController->actionCreate()
#15 C:\Program Files (x86)\EasyPHP-DevServer-13.1VC9\data\localweb\Yii\framework\web\CController.php(308): CInlineAction->runWithParams(Array)
#16 C:\Program Files (x86)\EasyPHP-DevServer-13.1VC9\data\localweb\Yii\framework\web\filters\CFilterChain.php(133): CController->runAction(Object(CInlineAction))
#17 C:\Program Files (x86)\EasyPHP-DevServer-13.1VC9\data\localweb\Yii\framework\web\filters\CFilter.php(40): CFilterChain->run()
#18 C:\Program Files (x86)\EasyPHP-DevServer-13.1VC9\data\localweb\Yii\framework\web\CController.php(1145): CFilter->filter(Object(CFilterChain))
#19 C:\Program Files (x86)\EasyPHP-DevServer-13.1VC9\data\localweb\Yii\framework\web\filters\CInlineFilter.php(58): CController->filterAccessControl(Object(CFilterChain))
#20 C:\Program Files (x86)\EasyPHP-DevServer-13.1VC9\data\localweb\Yii\framework\web\filters\CFilterChain.php(130): CInlineFilter->filter(Object(CFilterChain))
#21 C:\Program Files (x86)\EasyPHP-DevServer-13.1VC9\data\localweb\Yii\framework\web\CController.php(291): CFilterChain->run()
#22 C:\Program Files (x86)\EasyPHP-DevServer-13.1VC9\data\localweb\Yii\framework\web\CController.php(265): CController->runActionWithFilters(Object(CInlineAction), Array)
#23 C:\Program Files (x86)\EasyPHP-DevServer-13.1VC9\data\localweb\Yii\framework\web\CWebApplication.php(282): CController->run('create')
#24 C:\Program Files (x86)\EasyPHP-DevServer-13.1VC9\data\localweb\Yii\framework\web\CWebApplication.php(141): CWebApplication->runController('proiect/create')
#25 C:\Program Files (x86)\EasyPHP-DevServer-13.1VC9\data\localweb\Yii\framework\base\CApplication.php(180): CWebApplication->processRequest()
#26 C:\Program Files (x86)\EasyPHP-DevServer-13.1VC9\data\localweb\Origin\admin\index.php(13): CApplication->run()
#27 {main}
REQUEST_URI=/Origin/admin/index.php?r=proiect/create
HTTP_REFERER=http://127.0.0.1:8080/Origin/admin/index.php?r=proiect/view&id=13
---
2014/02/20 02:33:25 [warning] [application] Failed to set unsafe attribute "descriere_en" of "Proiect".
in C:\Program Files (x86)\EasyPHP-DevServer-13.1VC9\data\localweb\Origin\admin\protected\controllers\ProiectController.php (72)
in C:\Program Files (x86)\EasyPHP-DevServer-13.1VC9\data\localweb\Origin\admin\index.php (13)
2014/02/24 15:44:56 [error] [exception.CException] exception 'CException' with message 'Property "Poze.coperta" is not defined.' in C:\Program Files (x86)\EasyPHP-DevServer-13.1VC9\data\localweb\Yii\framework\base\CComponent.php:173
Stack trace:
#0 C:\Program Files (x86)\EasyPHP-DevServer-13.1VC9\data\localweb\Yii\framework\db\ar\CActiveRecord.php(161): CComponent->__set('coperta', Object(CUploadedFile))
#1 C:\Program Files (x86)\EasyPHP-DevServer-13.1VC9\data\localweb\Origin\admin\protected\controllers\PozeController.php(74): CActiveRecord->__set('coperta', Object(CUploadedFile))
#2 C:\Program Files (x86)\EasyPHP-DevServer-13.1VC9\data\localweb\Yii\framework\web\actions\CInlineAction.php(49): PozeController->actionCreate()
#3 C:\Program Files (x86)\EasyPHP-DevServer-13.1VC9\data\localweb\Yii\framework\web\CController.php(308): CInlineAction->runWithParams(Array)
#4 C:\Program Files (x86)\EasyPHP-DevServer-13.1VC9\data\localweb\Yii\framework\web\filters\CFilterChain.php(133): CController->runAction(Object(CInlineAction))
#5 C:\Program Files (x86)\EasyPHP-DevServer-13.1VC9\data\localweb\Yii\framework\web\filters\CFilter.php(40): CFilterChain->run()
#6 C:\Program Files (x86)\EasyPHP-DevServer-13.1VC9\data\localweb\Yii\framework\web\CController.php(1145): CFilter->filter(Object(CFilterChain))
#7 C:\Program Files (x86)\EasyPHP-DevServer-13.1VC9\data\localweb\Yii\framework\web\filters\CInlineFilter.php(58): CController->filterAccessControl(Object(CFilterChain))
#8 C:\Program Files (x86)\EasyPHP-DevServer-13.1VC9\data\localweb\Yii\framework\web\filters\CFilterChain.php(130): CInlineFilter->filter(Object(CFilterChain))
#9 C:\Program Files (x86)\EasyPHP-DevServer-13.1VC9\data\localweb\Yii\framework\web\CController.php(291): CFilterChain->run()
#10 C:\Program Files (x86)\EasyPHP-DevServer-13.1VC9\data\localweb\Yii\framework\web\CController.php(265): CController->runActionWithFilters(Object(CInlineAction), Array)
#11 C:\Program Files (x86)\EasyPHP-DevServer-13.1VC9\data\localweb\Yii\framework\web\CWebApplication.php(282): CController->run('create')
#12 C:\Program Files (x86)\EasyPHP-DevServer-13.1VC9\data\localweb\Yii\framework\web\CWebApplication.php(141): CWebApplication->runController('poze/create')
#13 C:\Program Files (x86)\EasyPHP-DevServer-13.1VC9\data\localweb\Yii\framework\base\CApplication.php(180): CWebApplication->processRequest()
#14 C:\Program Files (x86)\EasyPHP-DevServer-13.1VC9\data\localweb\Origin\admin\index.php(13): CApplication->run()
#15 {main}
REQUEST_URI=/Origin/admin/index.php?r=poze/create
HTTP_REFERER=http://127.0.0.1:8080/Origin/admin/index.php?r=poze/create
---
